Using pre-set license
Built from '2020.2/staging' branch; Version is '2020.2.7f1 (c53830e277f1) revision 12924976'; Using compiler version '192528614'; Build Type 'Release'
OS: 'Windows 10 Home Single Language; OS build 18363.1440; Version 1909; 64bit' Language: 'es' Physical Memory: 16234 MB
BatchMode: 1, IsHumanControllingUs: 0, StartBugReporterOnCrash: 0, Is64bit: 1, IsPro: 0

 COMMAND LINE ARGUMENTS:
C:\Program Files\Unity\Hub\Editor\2020.2.7f1\Editor\Unity.exe
-adb2
-batchMode
-noUpm
-name
AssetImportWorker0
-projectPath
D:/Users/alero/Desktop/2DAM-2021/proyectos Unity/JuegoUnity
-logFile
Logs/AssetImportWorker0.log
-srvPort
58389
Successfully changed project path to: D:/Users/alero/Desktop/2DAM-2021/proyectos Unity/JuegoUnity
D:/Users/alero/Desktop/2DAM-2021/proyectos Unity/JuegoUnity
Using Asset Import Pipeline V2.
Refreshing native plugins compatible for Editor in 44.74 ms, found 1 plugins.
Preloading 0 native plugins for Editor in 0.00 ms.
Initialize engine version: 2020.2.7f1 (c53830e277f1)
[Subsystems] Discovering subsystems at path C:/Program Files/Unity/Hub/Editor/2020.2.7f1/Editor/Data/Resources/UnitySubsystems
[Subsystems] Discovering subsystems at path D:/Users/alero/Desktop/2DAM-2021/proyectos Unity/JuegoUnity/Assets
GfxDevice: creating device client; threaded=0
Direct3D:
    Version:  Direct3D 11.0 [level 11.1]
    Renderer: NVIDIA GeForce GTX 1050 (ID=0x1c8d)
    Vendor:   
    VRAM:     4021 MB
    Driver:   27.21.14.6109
Initialize mono
Mono path[0] = 'C:/Program Files/Unity/Hub/Editor/2020.2.7f1/Editor/Data/Managed'
Mono path[1] = 'C:/Program Files/Unity/Hub/Editor/2020.2.7f1/Editor/Data/MonoBleedingEdge/lib/mono/unityjit'
Mono config path = 'C:/Program Files/Unity/Hub/Editor/2020.2.7f1/Editor/Data/MonoBleedingEdge/etc'
Using monoOptions --debugger-agent=transport=dt_socket,embedding=1,server=y,suspend=n,address=127.0.0.1:56820
Begin MonoManager ReloadAssembly
Registering precompiled unity dll's ...
Register platform support module: C:/Program Files/Unity/Hub/Editor/2020.2.7f1/Editor/Data/PlaybackEngines/WindowsStandaloneSupport/UnityEditor.WindowsStandalone.Extensions.dll
Registered in 0.002083 seconds.
Native extension for WindowsStandalone target not found
Refreshing native plugins compatible for Editor in 49.00 ms, found 1 plugins.
Preloading 0 native plugins for Editor in 0.00 ms.
Invoked RoslynAnalysisRunner static constructor.
RoslynAnalysisRunner will not be running.
RoslynAnalysisRunner has terminated.
Mono: successfully reloaded assembly
- Completed reload, in  2.213 seconds
Platform modules already initialized, skipping
Registering precompiled user dll's ...
Registered in 0.001068 seconds.
Begin MonoManager ReloadAssembly
Native extension for WindowsStandalone target not found
Refreshing native plugins compatible for Editor in 47.41 ms, found 1 plugins.
Preloading 0 native plugins for Editor in 0.00 ms.
Invoked RoslynAnalysisRunner static constructor.
RoslynAnalysisRunner will not be running.
RoslynAnalysisRunner has terminated.
Mono: successfully reloaded assembly
- Completed reload, in  1.156 seconds
Platform modules already initialized, skipping
========================================================================
Worker process is ready to serve import requests
Launched and connected shader compiler UnityShaderCompiler.exe after 0.07 seconds
Refreshing native plugins compatible for Editor in 0.71 ms, found 1 plugins.
Preloading 0 native plugins for Editor in 0.00 ms.
Unloading 1811 Unused Serialized files (Serialized files now loaded: 0)
System memory in use before: 84.7 MB.
System memory in use after: 84.7 MB.

Unloading 24 unused Assets to reduce memory usage. Loaded Objects now: 2253.
Total: 2.305900 ms (FindLiveObjects: 0.174700 ms CreateObjectMapping: 0.058100 ms MarkObjects: 1.888400 ms  DeleteObjects: 0.183100 ms)

========================================================================
Received Import Request.
  path: Assets/Menu.unity
  artifactKey: Guid(dcd9c63218003974fa9650bef7f48b10) Importer(815301076,1909f56bfc062723c751e8b465ee728b)
Start importing Assets/Menu.unity using Guid(dcd9c63218003974fa9650bef7f48b10) Importer(815301076,1909f56bfc062723c751e8b465ee728b)  -> (artifact id: 'd4a7edf743c5ba3204f03195793efa5d') in 0.019275 seconds
  Import took 0.022611 seconds .

========================================================================
Received Prepare
Registering precompiled user dll's ...
Registered in 0.000920 seconds.
Begin MonoManager ReloadAssembly
Native extension for WindowsStandalone target not found
Refreshing native plugins compatible for Editor in 0.37 ms, found 1 plugins.
Preloading 0 native plugins for Editor in 0.00 ms.
Invoked RoslynAnalysisRunner static constructor.
RoslynAnalysisRunner will not be running.
RoslynAnalysisRunner has terminated.
Mono: successfully reloaded assembly
- Completed reload, in  1.023 seconds
Platform modules already initialized, skipping
Refreshing native plugins compatible for Editor in 0.76 ms, found 1 plugins.
Preloading 0 native plugins for Editor in 0.00 ms.
Unloading 1805 Unused Serialized files (Serialized files now loaded: 0)
System memory in use before: 84.6 MB.
System memory in use after: 84.6 MB.

Unloading 12 unused Assets to reduce memory usage. Loaded Objects now: 2257.
Total: 2.285300 ms (FindLiveObjects: 0.285000 ms CreateObjectMapping: 0.102400 ms MarkObjects: 1.737100 ms  DeleteObjects: 0.159500 ms)

========================================================================
Received Prepare
Refreshing native plugins compatible for Editor in 1.58 ms, found 1 plugins.
Preloading 0 native plugins for Editor in 0.00 ms.
Unloading 10 Unused Serialized files (Serialized files now loaded: 0)
System memory in use before: 49.2 MB.
System memory in use after: 49.2 MB.

Unloading 10 unused Assets to reduce memory usage. Loaded Objects now: 2257.
Total: 3.766400 ms (FindLiveObjects: 0.383100 ms CreateObjectMapping: 0.227900 ms MarkObjects: 2.876800 ms  DeleteObjects: 0.259800 ms)

========================================================================
Received Prepare
Refreshing native plugins compatible for Editor in 1.30 ms, found 1 plugins.
Preloading 0 native plugins for Editor in 0.00 ms.
Unloading 10 Unused Serialized files (Serialized files now loaded: 0)
System memory in use before: 49.2 MB.
System memory in use after: 49.2 MB.

Unloading 10 unused Assets to reduce memory usage. Loaded Objects now: 2257.
Total: 2.730000 ms (FindLiveObjects: 0.238300 ms CreateObjectMapping: 0.099500 ms MarkObjects: 2.250200 ms  DeleteObjects: 0.140800 ms)

========================================================================
Received Import Request.
  Time since last request: 239.291802 seconds.
  path: Assets/SpriteSheets/background/background_cave.png
  artifactKey: Guid(cd96f65116d713d46aeb33a930f5f836) Importer(815301076,1909f56bfc062723c751e8b465ee728b)
Start importing Assets/SpriteSheets/background/background_cave.png using Guid(cd96f65116d713d46aeb33a930f5f836) Importer(815301076,1909f56bfc062723c751e8b465ee728b)  -> (artifact id: '1fc8f473a923a20f342f6f68244fd314') in 0.239091 seconds
  Import took 0.243566 seconds .

========================================================================
Received Import Request.
  Time since last request: 0.000327 seconds.
  path: Assets/SpriteSheets/background/jungle_paralax_bg2.png
  artifactKey: Guid(06e17a1265f75c04cadb2f6d0e050239) Importer(815301076,1909f56bfc062723c751e8b465ee728b)
Start importing Assets/SpriteSheets/background/jungle_paralax_bg2.png using Guid(06e17a1265f75c04cadb2f6d0e050239) Importer(815301076,1909f56bfc062723c751e8b465ee728b)  -> (artifact id: '1115de19ed6132426ffb885433b7948f') in 0.041209 seconds
  Import took 0.047410 seconds .

========================================================================
Received Import Request.
  Time since last request: 0.000366 seconds.
  path: Assets/SpriteSheets/background/jungle_tree1.png
  artifactKey: Guid(ff56eede276461e4fb112f8463e204d0) Importer(815301076,1909f56bfc062723c751e8b465ee728b)
Start importing Assets/SpriteSheets/background/jungle_tree1.png using Guid(ff56eede276461e4fb112f8463e204d0) Importer(815301076,1909f56bfc062723c751e8b465ee728b)  -> (artifact id: '0b56e90f5315fd97c0b6469f6b194c72') in 0.027190 seconds
  Import took 0.033731 seconds .

========================================================================
Received Import Request.
  Time since last request: 0.000495 seconds.
  path: Assets/SpriteSheets/background/jungle_bg_trees.png
  artifactKey: Guid(57a47eb7efd1f37449fa68d5582f6092) Importer(815301076,1909f56bfc062723c751e8b465ee728b)
Start importing Assets/SpriteSheets/background/jungle_bg_trees.png using Guid(57a47eb7efd1f37449fa68d5582f6092) Importer(815301076,1909f56bfc062723c751e8b465ee728b)  -> (artifact id: 'ae313aea1fa70595815d12e2513c5bda') in 0.039958 seconds
  Import took 0.045207 seconds .

========================================================================
Received Import Request.
  Time since last request: 0.000262 seconds.
  path: Assets/SpriteSheets/background/jungle_tree2_bg.png
  artifactKey: Guid(e01dd7324e04a2b4290b33fb7143b4c2) Importer(815301076,1909f56bfc062723c751e8b465ee728b)
Start importing Assets/SpriteSheets/background/jungle_tree2_bg.png using Guid(e01dd7324e04a2b4290b33fb7143b4c2) Importer(815301076,1909f56bfc062723c751e8b465ee728b)  -> (artifact id: '4c2a263c3a1b983b13ab70ba11305c9d') in 0.031045 seconds
  Import took 0.036596 seconds .

========================================================================
Received Import Request.
  Time since last request: 0.000259 seconds.
  path: Assets/SpriteSheets/background/background_color.png
  artifactKey: Guid(e4fea2e48384b694a88097c44d99be99) Importer(815301076,1909f56bfc062723c751e8b465ee728b)
Start importing Assets/SpriteSheets/background/background_color.png using Guid(e4fea2e48384b694a88097c44d99be99) Importer(815301076,1909f56bfc062723c751e8b465ee728b)  -> (artifact id: '3a32673b5a3be99b260f411a423a6da5') in 0.026997 seconds
  Import took 0.031724 seconds .

========================================================================
Received Import Request.
  Time since last request: 0.000305 seconds.
  path: Assets/SpriteSheets/background/tile_cave_blob_1.png
  artifactKey: Guid(7d8d567503654f440a9e406c2304003b) Importer(815301076,1909f56bfc062723c751e8b465ee728b)
Start importing Assets/SpriteSheets/background/tile_cave_blob_1.png using Guid(7d8d567503654f440a9e406c2304003b) Importer(815301076,1909f56bfc062723c751e8b465ee728b)  -> (artifact id: 'ab30e7a7e92273c2489f05ed4975e898') in 0.028102 seconds
  Import took 0.032248 seconds .

========================================================================
Received Import Request.
  Time since last request: 0.000327 seconds.
  path: Assets/SpriteSheets/background/jungle_tree1_bg.png
  artifactKey: Guid(c840ca224985fc047a9cbe1c9ea9665b) Importer(815301076,1909f56bfc062723c751e8b465ee728b)
Start importing Assets/SpriteSheets/background/jungle_tree1_bg.png using Guid(c840ca224985fc047a9cbe1c9ea9665b) Importer(815301076,1909f56bfc062723c751e8b465ee728b)  -> (artifact id: '53f4cc7a55269b6abaeae3385e39ac80') in 0.027438 seconds
  Import took 0.031934 seconds .

========================================================================
Received Import Request.
  Time since last request: 0.000314 seconds.
  path: Assets/SpriteSheets/background/clouds1.png
  artifactKey: Guid(dbf5ca170f2dd204b9705856b166fe3d) Importer(815301076,1909f56bfc062723c751e8b465ee728b)
Start importing Assets/SpriteSheets/background/clouds1.png using Guid(dbf5ca170f2dd204b9705856b166fe3d) Importer(815301076,1909f56bfc062723c751e8b465ee728b)  -> (artifact id: '15f8c67f4796fa8881da311f0be062b6') in 0.028273 seconds
  Import took 0.032271 seconds .

========================================================================
Received Import Request.
  Time since last request: 0.000239 seconds.
  path: Assets/SpriteSheets/background/jungle_tree2.png
  artifactKey: Guid(80caf34f1150b6d4eb6d6d4eb45af883) Importer(815301076,1909f56bfc062723c751e8b465ee728b)
Start importing Assets/SpriteSheets/background/jungle_tree2.png using Guid(80caf34f1150b6d4eb6d6d4eb45af883) Importer(815301076,1909f56bfc062723c751e8b465ee728b)  -> (artifact id: '7b4d331f037fd0d2127949afbdcca450') in 0.030657 seconds
  Import took 0.035221 seconds .

========================================================================
Received Import Request.
  Time since last request: 0.000275 seconds.
  path: Assets/SpriteSheets/background/tile_cave_hole_1.png
  artifactKey: Guid(6986b6119bf13d94e93bad12a8a31235) Importer(815301076,1909f56bfc062723c751e8b465ee728b)
Start importing Assets/SpriteSheets/background/tile_cave_hole_1.png using Guid(6986b6119bf13d94e93bad12a8a31235) Importer(815301076,1909f56bfc062723c751e8b465ee728b)  -> (artifact id: 'c81d62b4e607d8df3887c2bf53a2e173') in 0.031076 seconds
  Import took 0.035389 seconds .

========================================================================
Received Import Request.
  Time since last request: 0.000408 seconds.
  path: Assets/SpriteSheets/background/jungle_paralax_bg1.png
  artifactKey: Guid(7888105c8d73cfc4f950fbd2c6762862) Importer(815301076,1909f56bfc062723c751e8b465ee728b)
Start importing Assets/SpriteSheets/background/jungle_paralax_bg1.png using Guid(7888105c8d73cfc4f950fbd2c6762862) Importer(815301076,1909f56bfc062723c751e8b465ee728b)  -> (artifact id: '63ee2d1cf738b52324fbad5aaebab762') in 0.032183 seconds
  Import took 0.036821 seconds .

========================================================================
Received Import Request.
  Time since last request: 0.000237 seconds.
  path: Assets/SpriteSheets/background/clouds2.png
  artifactKey: Guid(2afad8ce4aab26540812c08765d05bed) Importer(815301076,1909f56bfc062723c751e8b465ee728b)
Start importing Assets/SpriteSheets/background/clouds2.png using Guid(2afad8ce4aab26540812c08765d05bed) Importer(815301076,1909f56bfc062723c751e8b465ee728b)  -> (artifact id: '8dda173b6551b631f638b5fa425e415d') in 0.029028 seconds
  Import took 0.034876 seconds .

========================================================================
Received Prepare
Registering precompiled user dll's ...
Registered in 0.001537 seconds.
Begin MonoManager ReloadAssembly
Native extension for WindowsStandalone target not found
Refreshing native plugins compatible for Editor in 0.52 ms, found 1 plugins.
Preloading 0 native plugins for Editor in 0.00 ms.
Invoked RoslynAnalysisRunner static constructor.
RoslynAnalysisRunner will not be running.
RoslynAnalysisRunner has terminated.
Mono: successfully reloaded assembly
- Completed reload, in  1.127 seconds
Platform modules already initialized, skipping
Refreshing native plugins compatible for Editor in 0.53 ms, found 1 plugins.
Preloading 0 native plugins for Editor in 0.00 ms.
Unloading 1852 Unused Serialized files (Serialized files now loaded: 0)
System memory in use before: 90.4 MB.
System memory in use after: 89.8 MB.

Unloading 25 unused Assets to reduce memory usage. Loaded Objects now: 2319.
Total: 3.220100 ms (FindLiveObjects: 0.274700 ms CreateObjectMapping: 0.111200 ms MarkObjects: 2.153400 ms  DeleteObjects: 0.677000 ms)

========================================================================
Received Import Request.
  Time since last request: 274.224114 seconds.
  path: Assets/New TMP Color Gradient.asset
  artifactKey: Guid(0d217bb273e075d4285f856b67ab04d0) Importer(815301076,1909f56bfc062723c751e8b465ee728b)
Start importing Assets/New TMP Color Gradient.asset using Guid(0d217bb273e075d4285f856b67ab04d0) Importer(815301076,1909f56bfc062723c751e8b465ee728b)  -> (artifact id: '7a4bf5a2bca045f9a4972c82ebcf4614') in 0.038197 seconds
  Import took 0.044360 seconds .

========================================================================
Received Import Request.
  Time since last request: 0.001345 seconds.
  path: Assets/New TMP Color Gradient.asset
  artifactKey: Guid(0d217bb273e075d4285f856b67ab04d0) Importer(815301076,1909f56bfc062723c751e8b465ee728b)
Start importing Assets/New TMP Color Gradient.asset using Guid(0d217bb273e075d4285f856b67ab04d0) Importer(815301076,1909f56bfc062723c751e8b465ee728b)  -> (artifact id: '7a4bf5a2bca045f9a4972c82ebcf4614') in 0.006020 seconds
  Import took 0.012102 seconds .

========================================================================
Received Import Request.
  Time since last request: 10.010943 seconds.
  path: Assets/Color1.asset
  artifactKey: Guid(0d217bb273e075d4285f856b67ab04d0) Importer(815301076,1909f56bfc062723c751e8b465ee728b)
Start importing Assets/Color1.asset using Guid(0d217bb273e075d4285f856b67ab04d0) Importer(815301076,1909f56bfc062723c751e8b465ee728b)  -> (artifact id: 'b0e0f13035c10bd4cf08b014b36873e4') in 0.009945 seconds
  Import took 0.015140 seconds .

========================================================================
Received Import Request.
  Time since last request: 0.001496 seconds.
  path: Assets/Color1.asset
  artifactKey: Guid(0d217bb273e075d4285f856b67ab04d0) Importer(815301076,1909f56bfc062723c751e8b465ee728b)
Start importing Assets/Color1.asset using Guid(0d217bb273e075d4285f856b67ab04d0) Importer(815301076,1909f56bfc062723c751e8b465ee728b)  -> (artifact id: 'b0e0f13035c10bd4cf08b014b36873e4') in 0.003834 seconds
  Import took 0.009751 seconds .

========================================================================
Received Prepare
Registering precompiled user dll's ...
Registered in 0.355733 seconds.
Begin MonoManager ReloadAssembly
Native extension for WindowsStandalone target not found
Refreshing native plugins compatible for Editor in 0.38 ms, found 1 plugins.
Preloading 0 native plugins for Editor in 0.00 ms.
Invoked RoslynAnalysisRunner static constructor.
RoslynAnalysisRunner will not be running.
RoslynAnalysisRunner has terminated.
Mono: successfully reloaded assembly
- Completed reload, in  0.953 seconds
Platform modules already initialized, skipping
Refreshing native plugins compatible for Editor in 0.57 ms, found 1 plugins.
Preloading 0 native plugins for Editor in 0.00 ms.
Unloading 1852 Unused Serialized files (Serialized files now loaded: 0)
System memory in use before: 90.4 MB.
System memory in use after: 89.8 MB.

Unloading 25 unused Assets to reduce memory usage. Loaded Objects now: 2323.
Total: 4.312600 ms (FindLiveObjects: 0.472000 ms CreateObjectMapping: 0.220900 ms MarkObjects: 2.890100 ms  DeleteObjects: 0.726100 ms)

========================================================================
Received Import Request.
  Time since last request: 600.594036 seconds.
  path: Assets/Palette/Palette.prefab
  artifactKey: Guid(c895a5a186774714b9d1cc11204a05d2) Importer(815301076,1909f56bfc062723c751e8b465ee728b)
Start importing Assets/Palette/Palette.prefab using Guid(c895a5a186774714b9d1cc11204a05d2) Importer(815301076,1909f56bfc062723c751e8b465ee728b)  -> (artifact id: 'ad72162d9596a8c9a6d6fe4f3826d9ad') in 0.354764 seconds
  Import took 0.360634 seconds .

========================================================================
Received Import Request.
  Time since last request: 0.000344 seconds.
  path: Assets/Palette/tiles_spritesheet_1.asset
  artifactKey: Guid(84849cf864e8af545a2bdea6c9911c7d) Importer(815301076,1909f56bfc062723c751e8b465ee728b)
Start importing Assets/Palette/tiles_spritesheet_1.asset using Guid(84849cf864e8af545a2bdea6c9911c7d) Importer(815301076,1909f56bfc062723c751e8b465ee728b)  -> (artifact id: 'c54a59f2bc24bd9d2a98bd8e3d5f99d5') in 0.126493 seconds
  Import took 0.131639 seconds .

========================================================================
Received Import Request.
  Time since last request: 0.000383 seconds.
  path: Assets/Palette/tiles_spritesheet_15.asset
  artifactKey: Guid(a779acc5950a3294abb67b60c8f5a734) Importer(815301076,1909f56bfc062723c751e8b465ee728b)
Start importing Assets/Palette/tiles_spritesheet_15.asset using Guid(a779acc5950a3294abb67b60c8f5a734) Importer(815301076,1909f56bfc062723c751e8b465ee728b)  -> (artifact id: '3d7260b635386e8f228a9fc900ce6bf1') in 0.015581 seconds
  Import took 0.019216 seconds .

========================================================================
Received Import Request.
  Time since last request: 0.000298 seconds.
  path: Assets/Palette/tiles_spritesheet_20.asset
  artifactKey: Guid(d695666c787be174da16dcb8a0c01ddb) Importer(815301076,1909f56bfc062723c751e8b465ee728b)
Start importing Assets/Palette/tiles_spritesheet_20.asset using Guid(d695666c787be174da16dcb8a0c01ddb) Importer(815301076,1909f56bfc062723c751e8b465ee728b)  -> (artifact id: '487571226bd0dd9fbbc479f678d73513') in 0.016665 seconds
  Import took 0.020005 seconds .

========================================================================
Received Import Request.
  Time since last request: 0.000213 seconds.
  path: Assets/Palette/tiles_spritesheet_23.asset
  artifactKey: Guid(c916bee1fb3c6d545bcca3dccbf47397) Importer(815301076,1909f56bfc062723c751e8b465ee728b)
Start importing Assets/Palette/tiles_spritesheet_23.asset using Guid(c916bee1fb3c6d545bcca3dccbf47397) Importer(815301076,1909f56bfc062723c751e8b465ee728b)  -> (artifact id: '5ce70d349b5c4129aae8d87f1e3e5ac8') in 0.014292 seconds
  Import took 0.034788 seconds .

========================================================================
Received Import Request.
  Time since last request: 0.000241 seconds.
  path: Assets/Palette/tiles_spritesheet_8.asset
  artifactKey: Guid(72742e4a43d75d546a312aebcbcf153a) Importer(815301076,1909f56bfc062723c751e8b465ee728b)
Start importing Assets/Palette/tiles_spritesheet_8.asset using Guid(72742e4a43d75d546a312aebcbcf153a) Importer(815301076,1909f56bfc062723c751e8b465ee728b)  -> (artifact id: '09decfbb2895777388a1b27de8bbfa15') in 0.015152 seconds
  Import took 0.019321 seconds .

========================================================================
Received Import Request.
  Time since last request: 0.000275 seconds.
  path: Assets/Palette/tiles_spritesheet_14.asset
  artifactKey: Guid(101951eb03af6b746b9cfebc808d0a72) Importer(815301076,1909f56bfc062723c751e8b465ee728b)
Start importing Assets/Palette/tiles_spritesheet_14.asset using Guid(101951eb03af6b746b9cfebc808d0a72) Importer(815301076,1909f56bfc062723c751e8b465ee728b)  -> (artifact id: '25d3288e1a393501f99c51a0e5a2660d') in 0.016677 seconds
  Import took 0.019797 seconds .

========================================================================
Received Import Request.
  Time since last request: 0.000312 seconds.
  path: Assets/Palette/tiles_spritesheet_26.asset
  artifactKey: Guid(69cc8686e62b18f49b7788fb1bb9d274) Importer(815301076,1909f56bfc062723c751e8b465ee728b)
Start importing Assets/Palette/tiles_spritesheet_26.asset using Guid(69cc8686e62b18f49b7788fb1bb9d274) Importer(815301076,1909f56bfc062723c751e8b465ee728b)  -> (artifact id: 'a8b43306d481bab72b36ba35285cbf09') in 0.015412 seconds
  Import took 0.019661 seconds .

========================================================================
Received Import Request.
  Time since last request: 0.000277 seconds.
  path: Assets/Palette/tiles_spritesheet_4.asset
  artifactKey: Guid(8662d447cbf753544b0b3bdeba0dbf8d) Importer(815301076,1909f56bfc062723c751e8b465ee728b)
Start importing Assets/Palette/tiles_spritesheet_4.asset using Guid(8662d447cbf753544b0b3bdeba0dbf8d) Importer(815301076,1909f56bfc062723c751e8b465ee728b)  -> (artifact id: 'c7b206ca60b393047b83e167eac07805') in 0.015086 seconds
  Import took 0.018317 seconds .

========================================================================
Received Import Request.
  Time since last request: 0.000254 seconds.
  path: Assets/Palette/tiles_spritesheet_33.asset
  artifactKey: Guid(ea059315e1db1bd41bb9b429adda2d64) Importer(815301076,1909f56bfc062723c751e8b465ee728b)
Start importing Assets/Palette/tiles_spritesheet_33.asset using Guid(ea059315e1db1bd41bb9b429adda2d64) Importer(815301076,1909f56bfc062723c751e8b465ee728b)  -> (artifact id: 'cc7ae52f848627994f91d0791eafe782') in 0.016112 seconds
  Import took 0.019363 seconds .

========================================================================
Received Import Request.
  Time since last request: 0.000220 seconds.
  path: Assets/Palette/tiles_spritesheet_34.asset
  artifactKey: Guid(c3d6426f2447d2140b3d282b644999f5) Importer(815301076,1909f56bfc062723c751e8b465ee728b)
Start importing Assets/Palette/tiles_spritesheet_34.asset using Guid(c3d6426f2447d2140b3d282b644999f5) Importer(815301076,1909f56bfc062723c751e8b465ee728b)  -> (artifact id: 'f6e186d66632788458f550ffe176f068') in 0.014816 seconds
  Import took 0.018635 seconds .

========================================================================
Received Import Request.
  Time since last request: 0.000216 seconds.
  path: Assets/Palette/tiles_spritesheet_36.asset
  artifactKey: Guid(70fd8f332aa1f214c902e9fce4af0565) Importer(815301076,1909f56bfc062723c751e8b465ee728b)
Start importing Assets/Palette/tiles_spritesheet_36.asset using Guid(70fd8f332aa1f214c902e9fce4af0565) Importer(815301076,1909f56bfc062723c751e8b465ee728b)  -> (artifact id: 'c9b429d56e165725c8091f04bdd7acff') in 0.017534 seconds
  Import took 0.021750 seconds .

========================================================================
Received Import Request.
  Time since last request: 0.000228 seconds.
  path: Assets/Palette/tiles_spritesheet_39.asset
  artifactKey: Guid(d34a6871b69c08743b6c723e42d84da6) Importer(815301076,1909f56bfc062723c751e8b465ee728b)
Start importing Assets/Palette/tiles_spritesheet_39.asset using Guid(d34a6871b69c08743b6c723e42d84da6) Importer(815301076,1909f56bfc062723c751e8b465ee728b)  -> (artifact id: 'dbc66affdbcf5f191db8b237a9a577b1') in 0.015442 seconds
  Import took 0.020474 seconds .

========================================================================
Received Import Request.
  Time since last request: 0.000346 seconds.
  path: Assets/Palette/tiles_spritesheet_40.asset
  artifactKey: Guid(b2ca029daaad70748bd08c8bee9ab348) Importer(815301076,1909f56bfc062723c751e8b465ee728b)
Start importing Assets/Palette/tiles_spritesheet_40.asset using Guid(b2ca029daaad70748bd08c8bee9ab348) Importer(815301076,1909f56bfc062723c751e8b465ee728b)  -> (artifact id: 'f301a4b535735d658f1ad7f7e0483553') in 0.014132 seconds
  Import took 0.017646 seconds .

========================================================================
Received Import Request.
  Time since last request: 0.000260 seconds.
  path: Assets/Palette/tiles_spritesheet_42.asset
  artifactKey: Guid(1a7cc28eebfcc974ca90089c52099775) Importer(815301076,1909f56bfc062723c751e8b465ee728b)
Start importing Assets/Palette/tiles_spritesheet_42.asset using Guid(1a7cc28eebfcc974ca90089c52099775) Importer(815301076,1909f56bfc062723c751e8b465ee728b)  -> (artifact id: '184d73bc83b3896cac31f492e0aa608a') in 0.015840 seconds
  Import took 0.019330 seconds .

========================================================================
Received Import Request.
  Time since last request: 0.000274 seconds.
  path: Assets/Palette/tiles_spritesheet_6.asset
  artifactKey: Guid(8c4707831c65deb4b8f28bdea52d2e3c) Importer(815301076,1909f56bfc062723c751e8b465ee728b)
Start importing Assets/Palette/tiles_spritesheet_6.asset using Guid(8c4707831c65deb4b8f28bdea52d2e3c) Importer(815301076,1909f56bfc062723c751e8b465ee728b)  -> (artifact id: '350c9de28be8df9705544ff03f3c0c03') in 0.014497 seconds
  Import took 0.018411 seconds .

========================================================================
Received Import Request.
  Time since last request: 0.000307 seconds.
  path: Assets/Palette/tiles_spritesheet_45.asset
  artifactKey: Guid(2be68d6e562195642b9431045c79f2ef) Importer(815301076,1909f56bfc062723c751e8b465ee728b)
Start importing Assets/Palette/tiles_spritesheet_45.asset using Guid(2be68d6e562195642b9431045c79f2ef) Importer(815301076,1909f56bfc062723c751e8b465ee728b)  -> (artifact id: '6ad406931d7a2f6463f68709dc17eddf') in 0.017907 seconds
  Import took 0.021401 seconds .

========================================================================
Received Import Request.
  Time since last request: 0.000343 seconds.
  path: Assets/Palette/tiles_spritesheet_47.asset
  artifactKey: Guid(de2b8ada9af1cce41968d05de72a4f95) Importer(815301076,1909f56bfc062723c751e8b465ee728b)
Start importing Assets/Palette/tiles_spritesheet_47.asset using Guid(de2b8ada9af1cce41968d05de72a4f95) Importer(815301076,1909f56bfc062723c751e8b465ee728b)  -> (artifact id: '2b650d21232ba9bf0a5f95faafc7a466') in 0.014444 seconds
  Import took 0.019737 seconds .

========================================================================
Received Import Request.
  Time since last request: 0.000257 seconds.
  path: Assets/Palette/tiles_spritesheet_50.asset
  artifactKey: Guid(6e13bc17924c3944a9d7796aaf63c761) Importer(815301076,1909f56bfc062723c751e8b465ee728b)
Start importing Assets/Palette/tiles_spritesheet_50.asset using Guid(6e13bc17924c3944a9d7796aaf63c761) Importer(815301076,1909f56bfc062723c751e8b465ee728b)  -> (artifact id: '7c3f918c7101a859a4c8d99d6577f731') in 0.017695 seconds
  Import took 0.021410 seconds .

========================================================================
Received Import Request.
  Time since last request: 0.000264 seconds.
  path: Assets/Palette/tiles_spritesheet_51.asset
  artifactKey: Guid(439320b6b182e7a42891a8d5bf7a104a) Importer(815301076,1909f56bfc062723c751e8b465ee728b)
Start importing Assets/Palette/tiles_spritesheet_51.asset using Guid(439320b6b182e7a42891a8d5bf7a104a) Importer(815301076,1909f56bfc062723c751e8b465ee728b)  -> (artifact id: '519edfd4ad0011168dc6f2e50373f118') in 0.015444 seconds
  Import took 0.019081 seconds .

========================================================================
Received Import Request.
  Time since last request: 0.000380 seconds.
  path: Assets/Palette/tiles_spritesheet_35.asset
  artifactKey: Guid(47f207f4a07aac049a991155df36ab77) Importer(815301076,1909f56bfc062723c751e8b465ee728b)
Start importing Assets/Palette/tiles_spritesheet_35.asset using Guid(47f207f4a07aac049a991155df36ab77) Importer(815301076,1909f56bfc062723c751e8b465ee728b)  -> (artifact id: 'c5ee24eb86f09e17253ae3c6065e201c') in 0.016304 seconds
  Import took 0.020503 seconds .

========================================================================
Received Import Request.
  Time since last request: 0.000252 seconds.
  path: Assets/Palette/tiles_spritesheet_55.asset
  artifactKey: Guid(4c22528bedc7588439671261b0707d49) Importer(815301076,1909f56bfc062723c751e8b465ee728b)
Start importing Assets/Palette/tiles_spritesheet_55.asset using Guid(4c22528bedc7588439671261b0707d49) Importer(815301076,1909f56bfc062723c751e8b465ee728b)  -> (artifact id: 'a5d2a54aed636cc71b71548671704349') in 0.019312 seconds
  Import took 0.024279 seconds .

========================================================================
Received Import Request.
  Time since last request: 0.000244 seconds.
  path: Assets/Palette/tiles_spritesheet_5.asset
  artifactKey: Guid(d7b245782ab15ea49ba1e25d118160c7) Importer(815301076,1909f56bfc062723c751e8b465ee728b)
Start importing Assets/Palette/tiles_spritesheet_5.asset using Guid(d7b245782ab15ea49ba1e25d118160c7) Importer(815301076,1909f56bfc062723c751e8b465ee728b)  -> (artifact id: 'da7227d97d2dc3e2e6dfb16b38e4c001') in 0.023983 seconds
  Import took 0.028249 seconds .

========================================================================
Received Import Request.
  Time since last request: 0.000274 seconds.
  path: Assets/Palette/tiles_spritesheet_56.asset
  artifactKey: Guid(bfb8f32174804ea439e85dd1bb436dd2) Importer(815301076,1909f56bfc062723c751e8b465ee728b)
Start importing Assets/Palette/tiles_spritesheet_56.asset using Guid(bfb8f32174804ea439e85dd1bb436dd2) Importer(815301076,1909f56bfc062723c751e8b465ee728b)  -> (artifact id: '1393fa7ff25a24b8651b40810b2271d1') in 0.027466 seconds
  Import took 0.031894 seconds .

========================================================================
Received Import Request.
  Time since last request: 0.000232 seconds.
  path: Assets/Palette/tiles_spritesheet_58.asset
  artifactKey: Guid(e63f8349ff768214a9c670e1a874ad6d) Importer(815301076,1909f56bfc062723c751e8b465ee728b)
Start importing Assets/Palette/tiles_spritesheet_58.asset using Guid(e63f8349ff768214a9c670e1a874ad6d) Importer(815301076,1909f56bfc062723c751e8b465ee728b)  -> (artifact id: '2cb7412915e87f3730bd700a10905dab') in 0.026617 seconds
  Import took 0.032176 seconds .

========================================================================
Received Import Request.
  Time since last request: 0.000237 seconds.
  path: Assets/Palette/tiles_spritesheet_19.asset
  artifactKey: Guid(7f46e4ccf59275646957d9c8a21ae796) Importer(815301076,1909f56bfc062723c751e8b465ee728b)
Start importing Assets/Palette/tiles_spritesheet_19.asset using Guid(7f46e4ccf59275646957d9c8a21ae796) Importer(815301076,1909f56bfc062723c751e8b465ee728b)  -> (artifact id: '736e9dbcccda7201ee7ae74fcb101224') in 0.022492 seconds
  Import took 0.027040 seconds .

========================================================================
Received Import Request.
  Time since last request: 0.000253 seconds.
  path: Assets/Palette/tiles_spritesheet_49.asset
  artifactKey: Guid(d41609d574bc20d498917a435f21e70e) Importer(815301076,1909f56bfc062723c751e8b465ee728b)
Start importing Assets/Palette/tiles_spritesheet_49.asset using Guid(d41609d574bc20d498917a435f21e70e) Importer(815301076,1909f56bfc062723c751e8b465ee728b)  -> (artifact id: '7fef727a579bc88e20efb3cf35f11072') in 0.019939 seconds
  Import took 0.026605 seconds .

========================================================================
Received Import Request.
  Time since last request: 0.000234 seconds.
  path: Assets/Palette/tiles_spritesheet_21.asset
  artifactKey: Guid(81bf0cc0f8428bc49935401d483a24a8) Importer(815301076,1909f56bfc062723c751e8b465ee728b)
Start importing Assets/Palette/tiles_spritesheet_21.asset using Guid(81bf0cc0f8428bc49935401d483a24a8) Importer(815301076,1909f56bfc062723c751e8b465ee728b)  -> (artifact id: 'ad0d83cbf701b9e303a9eccaade64337') in 0.017205 seconds
  Import took 0.021024 seconds .

========================================================================
Received Import Request.
  Time since last request: 0.000294 seconds.
  path: Assets/Palette/tiles_spritesheet_7.asset
  artifactKey: Guid(7994b6e6ccb5ddb41a158c85a72ad90a) Importer(815301076,1909f56bfc062723c751e8b465ee728b)
Start importing Assets/Palette/tiles_spritesheet_7.asset using Guid(7994b6e6ccb5ddb41a158c85a72ad90a) Importer(815301076,1909f56bfc062723c751e8b465ee728b)  -> (artifact id: '62408693f7f92b4c1648f740182085fc') in 0.021266 seconds
  Import took 0.026520 seconds .

========================================================================
Received Import Request.
  Time since last request: 0.000222 seconds.
  path: Assets/Palette/tiles_spritesheet_2.asset
  artifactKey: Guid(cbc0ff7f55b935842be40a74d98c1f54) Importer(815301076,1909f56bfc062723c751e8b465ee728b)
Start importing Assets/Palette/tiles_spritesheet_2.asset using Guid(cbc0ff7f55b935842be40a74d98c1f54) Importer(815301076,1909f56bfc062723c751e8b465ee728b)  -> (artifact id: 'f11eab57e9463461631440c2cae72bce') in 0.022484 seconds
  Import took 0.027421 seconds .

========================================================================
Received Import Request.
  Time since last request: 0.000389 seconds.
  path: Assets/Palette/tiles_spritesheet_10.asset
  artifactKey: Guid(67178da0b5b815942b88317153c08412) Importer(815301076,1909f56bfc062723c751e8b465ee728b)
Start importing Assets/Palette/tiles_spritesheet_10.asset using Guid(67178da0b5b815942b88317153c08412) Importer(815301076,1909f56bfc062723c751e8b465ee728b)  -> (artifact id: 'c92a839d53d80a30b982c3a0816e4150') in 0.017275 seconds
  Import took 0.022626 seconds .

========================================================================
Received Import Request.
  Time since last request: 0.000228 seconds.
  path: Assets/Palette/tiles_spritesheet_9.asset
  artifactKey: Guid(65be60b5464c9d8468bfe8fe1a6b959d) Importer(815301076,1909f56bfc062723c751e8b465ee728b)
Start importing Assets/Palette/tiles_spritesheet_9.asset using Guid(65be60b5464c9d8468bfe8fe1a6b959d) Importer(815301076,1909f56bfc062723c751e8b465ee728b)  -> (artifact id: '93f236f0fe5d1dc18f173dd9dfacff85') in 0.016415 seconds
  Import took 0.020154 seconds .

========================================================================
Received Import Request.
  Time since last request: 0.000201 seconds.
  path: Assets/Palette/tiles_spritesheet_3.asset
  artifactKey: Guid(737a7933f3515844ea7159ea860068df) Importer(815301076,1909f56bfc062723c751e8b465ee728b)
Start importing Assets/Palette/tiles_spritesheet_3.asset using Guid(737a7933f3515844ea7159ea860068df) Importer(815301076,1909f56bfc062723c751e8b465ee728b)  -> (artifact id: '179adec98dfd63c6a5b72ff2ef8c3d80') in 0.018244 seconds
  Import took 0.022301 seconds .

========================================================================
Received Import Request.
  Time since last request: 0.000214 seconds.
  path: Assets/Palette/tiles_spritesheet_18.asset
  artifactKey: Guid(8d6481e5ba20739449f0ce44f2496711) Importer(815301076,1909f56bfc062723c751e8b465ee728b)
Start importing Assets/Palette/tiles_spritesheet_18.asset using Guid(8d6481e5ba20739449f0ce44f2496711) Importer(815301076,1909f56bfc062723c751e8b465ee728b)  -> (artifact id: 'f5e40e1dc2fc9f358187e126b97bcd2a') in 0.017040 seconds
  Import took 0.022074 seconds .

========================================================================
Received Import Request.
  Time since last request: 0.000225 seconds.
  path: Assets/Palette/tiles_spritesheet_17.asset
  artifactKey: Guid(30b737985b348234896f17c304c1bfea) Importer(815301076,1909f56bfc062723c751e8b465ee728b)
Start importing Assets/Palette/tiles_spritesheet_17.asset using Guid(30b737985b348234896f17c304c1bfea) Importer(815301076,1909f56bfc062723c751e8b465ee728b)  -> (artifact id: '569f8da8c39a3e1cf49f22b678a74456') in 0.015441 seconds
  Import took 0.019776 seconds .

========================================================================
Received Import Request.
  Time since last request: 0.000214 seconds.
  path: Assets/Palette/tiles_spritesheet_32.asset
  artifactKey: Guid(7758267b0b81a404299207717a886a50) Importer(815301076,1909f56bfc062723c751e8b465ee728b)
Start importing Assets/Palette/tiles_spritesheet_32.asset using Guid(7758267b0b81a404299207717a886a50) Importer(815301076,1909f56bfc062723c751e8b465ee728b)  -> (artifact id: 'e9c9824521738f75282d159229576e49') in 0.017920 seconds
  Import took 0.021957 seconds .

========================================================================
Received Import Request.
  Time since last request: 0.000352 seconds.
  path: Assets/Palette/tiles_spritesheet_59.asset
  artifactKey: Guid(68e4b9261d293814ab723bcbbbd70fbd) Importer(815301076,1909f56bfc062723c751e8b465ee728b)
Start importing Assets/Palette/tiles_spritesheet_59.asset using Guid(68e4b9261d293814ab723bcbbbd70fbd) Importer(815301076,1909f56bfc062723c751e8b465ee728b)  -> (artifact id: '2d6a58a37c217a0a47752d11fc6de4d1') in 0.016250 seconds
  Import took 0.020862 seconds .

========================================================================
Received Import Request.
  Time since last request: 0.000247 seconds.
  path: Assets/Palette/tiles_spritesheet_57.asset
  artifactKey: Guid(95df830b543534c4e88ad539a6af24f2) Importer(815301076,1909f56bfc062723c751e8b465ee728b)
Start importing Assets/Palette/tiles_spritesheet_57.asset using Guid(95df830b543534c4e88ad539a6af24f2) Importer(815301076,1909f56bfc062723c751e8b465ee728b)  -> (artifact id: '6fdd8d4b05e578837cbfdc205ba5f6a9') in 0.017913 seconds
  Import took 0.022532 seconds .

========================================================================
Received Import Request.
  Time since last request: 0.000168 seconds.
  path: Assets/Palette/tiles_spritesheet_46.asset
  artifactKey: Guid(b68618a867cd8a34ebe1b4e56ff01180) Importer(815301076,1909f56bfc062723c751e8b465ee728b)
Start importing Assets/Palette/tiles_spritesheet_46.asset using Guid(b68618a867cd8a34ebe1b4e56ff01180) Importer(815301076,1909f56bfc062723c751e8b465ee728b)  -> (artifact id: '27ea7429afffa530b89830e6088882c2') in 0.020311 seconds
  Import took 0.024754 seconds .

========================================================================
Received Import Request.
  Time since last request: 0.000302 seconds.
  path: Assets/Palette/tiles_spritesheet_53.asset
  artifactKey: Guid(2204908c2f668624d82443a4cde8f24e) Importer(815301076,1909f56bfc062723c751e8b465ee728b)
Start importing Assets/Palette/tiles_spritesheet_53.asset using Guid(2204908c2f668624d82443a4cde8f24e) Importer(815301076,1909f56bfc062723c751e8b465ee728b)  -> (artifact id: 'ff0ecc055f3847965bf31730f43bdc3a') in 0.015806 seconds
  Import took 0.020652 seconds .

========================================================================
Received Import Request.
  Time since last request: 0.000225 seconds.
  path: Assets/Palette/tiles_spritesheet_24.asset
  artifactKey: Guid(4554b7b1e9009644ea3aa06f165d60f2) Importer(815301076,1909f56bfc062723c751e8b465ee728b)
Start importing Assets/Palette/tiles_spritesheet_24.asset using Guid(4554b7b1e9009644ea3aa06f165d60f2) Importer(815301076,1909f56bfc062723c751e8b465ee728b)  -> (artifact id: 'b3655b12b0896fbbebff74cf89249e8b') in 0.017320 seconds
  Import took 0.021383 seconds .

========================================================================
Received Import Request.
  Time since last request: 0.000175 seconds.
  path: Assets/Palette/tiles_spritesheet_60.asset
  artifactKey: Guid(ebf95a7b28f6d5b498b72bd2f1effe81) Importer(815301076,1909f56bfc062723c751e8b465ee728b)
Start importing Assets/Palette/tiles_spritesheet_60.asset using Guid(ebf95a7b28f6d5b498b72bd2f1effe81) Importer(815301076,1909f56bfc062723c751e8b465ee728b)  -> (artifact id: '36955bb78df5f4811d68ebd79d70fa00') in 0.019386 seconds
  Import took 0.024013 seconds .

========================================================================
Received Import Request.
  Time since last request: 0.000193 seconds.
  path: Assets/Palette/tiles_spritesheet_11.asset
  artifactKey: Guid(935fa7960edc97240b13ed6e3f037fd9) Importer(815301076,1909f56bfc062723c751e8b465ee728b)
Start importing Assets/Palette/tiles_spritesheet_11.asset using Guid(935fa7960edc97240b13ed6e3f037fd9) Importer(815301076,1909f56bfc062723c751e8b465ee728b)  -> (artifact id: '32ea60cd568f0b514cf06d06da5442bf') in 0.018419 seconds
  Import took 0.021937 seconds .

========================================================================
Received Import Request.
  Time since last request: 0.000203 seconds.
  path: Assets/Palette/tiles_spritesheet_27.asset
  artifactKey: Guid(92233dd86983e9d4db4a6297a528cd8e) Importer(815301076,1909f56bfc062723c751e8b465ee728b)
Start importing Assets/Palette/tiles_spritesheet_27.asset using Guid(92233dd86983e9d4db4a6297a528cd8e) Importer(815301076,1909f56bfc062723c751e8b465ee728b)  -> (artifact id: 'da3a9c59460cf8d41e877fc8849d575b') in 0.016529 seconds
  Import took 0.020079 seconds .

========================================================================
Received Import Request.
  Time since last request: 0.000189 seconds.
  path: Assets/Palette/tiles_spritesheet_43.asset
  artifactKey: Guid(36de472b422edc64f9a14f07c8cb3ad3) Importer(815301076,1909f56bfc062723c751e8b465ee728b)
Start importing Assets/Palette/tiles_spritesheet_43.asset using Guid(36de472b422edc64f9a14f07c8cb3ad3) Importer(815301076,1909f56bfc062723c751e8b465ee728b)  -> (artifact id: '68db04e904254edc02a30c653cb968df') in 0.019407 seconds
  Import took 0.023047 seconds .

========================================================================
Received Import Request.
  Time since last request: 0.000244 seconds.
  path: Assets/Palette/tiles_spritesheet_16.asset
  artifactKey: Guid(556d5689ac118a54190c05c0349e964b) Importer(815301076,1909f56bfc062723c751e8b465ee728b)
Start importing Assets/Palette/tiles_spritesheet_16.asset using Guid(556d5689ac118a54190c05c0349e964b) Importer(815301076,1909f56bfc062723c751e8b465ee728b)  -> (artifact id: 'e08d511c338b30a171a23e5267a8ef03') in 0.018501 seconds
  Import took 0.022649 seconds .

========================================================================
Received Import Request.
  Time since last request: 0.000309 seconds.
  path: Assets/Palette/tiles_spritesheet_48.asset
  artifactKey: Guid(934f3ba8c04636142807a5b8d746205f) Importer(815301076,1909f56bfc062723c751e8b465ee728b)
Start importing Assets/Palette/tiles_spritesheet_48.asset using Guid(934f3ba8c04636142807a5b8d746205f) Importer(815301076,1909f56bfc062723c751e8b465ee728b)  -> (artifact id: '9782ddb7b9b2406816d08b0644a353bf') in 0.015912 seconds
  Import took 0.019727 seconds .

========================================================================
Received Import Request.
  Time since last request: 0.000244 seconds.
  path: Assets/Palette/tiles_spritesheet_52.asset
  artifactKey: Guid(c162b4b90bf09e84bb7c3605cf75a886) Importer(815301076,1909f56bfc062723c751e8b465ee728b)
Start importing Assets/Palette/tiles_spritesheet_52.asset using Guid(c162b4b90bf09e84bb7c3605cf75a886) Importer(815301076,1909f56bfc062723c751e8b465ee728b)  -> (artifact id: 'd56a6ded13ae6f5a6fa2cc23e665443a') in 0.019767 seconds
  Import took 0.047705 seconds .

========================================================================
Received Import Request.
  Time since last request: 0.000228 seconds.
  path: Assets/Palette/tiles_spritesheet_38.asset
  artifactKey: Guid(c3b5142cf33444548b7b9a31b0a64c0e) Importer(815301076,1909f56bfc062723c751e8b465ee728b)
Start importing Assets/Palette/tiles_spritesheet_38.asset using Guid(c3b5142cf33444548b7b9a31b0a64c0e) Importer(815301076,1909f56bfc062723c751e8b465ee728b)  -> (artifact id: '10cd8f2d38af0ed4f01eff435d0dac3b') in 0.017082 seconds
  Import took 0.020315 seconds .

========================================================================
Received Import Request.
  Time since last request: 0.000308 seconds.
  path: Assets/Palette/tiles_spritesheet_37.asset
  artifactKey: Guid(397a8f74c8dbcb24c98525216b3777ec) Importer(815301076,1909f56bfc062723c751e8b465ee728b)
Start importing Assets/Palette/tiles_spritesheet_37.asset using Guid(397a8f74c8dbcb24c98525216b3777ec) Importer(815301076,1909f56bfc062723c751e8b465ee728b)  -> (artifact id: '96ff6c1996ca435725b3ca92cbc36ba6') in 0.020692 seconds
  Import took 0.024020 seconds .

========================================================================
Received Import Request.
  Time since last request: 0.000221 seconds.
  path: Assets/Palette/tiles_spritesheet_54.asset
  artifactKey: Guid(47a5c2ae81f5b424ea46771d17fcc285) Importer(815301076,1909f56bfc062723c751e8b465ee728b)
Start importing Assets/Palette/tiles_spritesheet_54.asset using Guid(47a5c2ae81f5b424ea46771d17fcc285) Importer(815301076,1909f56bfc062723c751e8b465ee728b)  -> (artifact id: 'd4ecd41e3ced315d8d01b6d7fa858f37') in 0.020500 seconds
  Import took 0.024516 seconds .

========================================================================
Received Import Request.
  Time since last request: 0.000199 seconds.
  path: Assets/Palette/tiles_spritesheet_0.asset
  artifactKey: Guid(b5c358cdb7b063b47977175a23606a77) Importer(815301076,1909f56bfc062723c751e8b465ee728b)
Start importing Assets/Palette/tiles_spritesheet_0.asset using Guid(b5c358cdb7b063b47977175a23606a77) Importer(815301076,1909f56bfc062723c751e8b465ee728b)  -> (artifact id: 'cf0c69636f07d3b0cdef0c9b43820497') in 0.016610 seconds
  Import took 0.021089 seconds .

========================================================================
Received Import Request.
  Time since last request: 0.000224 seconds.
  path: Assets/Palette/tiles_spritesheet_22.asset
  artifactKey: Guid(f7b17305bdf00ff42a1b36501a119658) Importer(815301076,1909f56bfc062723c751e8b465ee728b)
Start importing Assets/Palette/tiles_spritesheet_22.asset using Guid(f7b17305bdf00ff42a1b36501a119658) Importer(815301076,1909f56bfc062723c751e8b465ee728b)  -> (artifact id: '4535ff927a2593640bd920ab73850544') in 0.019047 seconds
  Import took 0.022456 seconds .

========================================================================
Received Import Request.
  Time since last request: 0.000184 seconds.
  path: Assets/Palette/tiles_spritesheet_25.asset
  artifactKey: Guid(f38442051cda8394fa7ce9d826abb50d) Importer(815301076,1909f56bfc062723c751e8b465ee728b)
Start importing Assets/Palette/tiles_spritesheet_25.asset using Guid(f38442051cda8394fa7ce9d826abb50d) Importer(815301076,1909f56bfc062723c751e8b465ee728b)  -> (artifact id: 'bab042f7b1d2055448500e29b18f6d58') in 0.020458 seconds
  Import took 0.024323 seconds .

========================================================================
Received Import Request.
  Time since last request: 0.000285 seconds.
  path: Assets/Palette/tiles_spritesheet_30.asset
  artifactKey: Guid(704135b4cc50ca0449d5725f4db3d8a8) Importer(815301076,1909f56bfc062723c751e8b465ee728b)
Start importing Assets/Palette/tiles_spritesheet_30.asset using Guid(704135b4cc50ca0449d5725f4db3d8a8) Importer(815301076,1909f56bfc062723c751e8b465ee728b)  -> (artifact id: '6f7ef90d1532fe13d766b0d2a6873bc1') in 0.012846 seconds
  Import took 0.018219 seconds .

========================================================================
Received Import Request.
  Time since last request: 0.000485 seconds.
  path: Assets/Palette/tiles_spritesheet_31.asset
  artifactKey: Guid(c1313590beb33ff42889bedc4810ded2) Importer(815301076,1909f56bfc062723c751e8b465ee728b)
Start importing Assets/Palette/tiles_spritesheet_31.asset using Guid(c1313590beb33ff42889bedc4810ded2) Importer(815301076,1909f56bfc062723c751e8b465ee728b)  -> (artifact id: '1e9c8b8d975262a637fb01c6ecbbac43') in 0.017494 seconds
  Import took 0.022585 seconds .

========================================================================
Received Import Request.
  Time since last request: 0.000212 seconds.
  path: Assets/Palette/tiles_spritesheet_44.asset
  artifactKey: Guid(9cca54258443fc943bee083fa59afd57) Importer(815301076,1909f56bfc062723c751e8b465ee728b)
Start importing Assets/Palette/tiles_spritesheet_44.asset using Guid(9cca54258443fc943bee083fa59afd57) Importer(815301076,1909f56bfc062723c751e8b465ee728b)  -> (artifact id: '25600bb249eb8cc2c374ee18dcf5233f') in 0.012933 seconds
  Import took 0.017602 seconds .

========================================================================
Received Import Request.
  Time since last request: 0.000327 seconds.
  path: Assets/Palette/tiles_spritesheet_29.asset
  artifactKey: Guid(534df2f93a8145a4bbb954be8e613483) Importer(815301076,1909f56bfc062723c751e8b465ee728b)
Start importing Assets/Palette/tiles_spritesheet_29.asset using Guid(534df2f93a8145a4bbb954be8e613483) Importer(815301076,1909f56bfc062723c751e8b465ee728b)  -> (artifact id: 'c6f0af3890b7415f9266fb6937df8d2e') in 0.017934 seconds
  Import took 0.021979 seconds .

========================================================================
Received Import Request.
  Time since last request: 0.000310 seconds.
  path: Assets/Palette/tiles_spritesheet_28.asset
  artifactKey: Guid(a11a1c561bd97e04c9990ce509fc4ca8) Importer(815301076,1909f56bfc062723c751e8b465ee728b)
Start importing Assets/Palette/tiles_spritesheet_28.asset using Guid(a11a1c561bd97e04c9990ce509fc4ca8) Importer(815301076,1909f56bfc062723c751e8b465ee728b)  -> (artifact id: '2463a2f1007261088f7406ccb5f0ae3c') in 0.022327 seconds
  Import took 0.026968 seconds .

========================================================================
Received Import Request.
  Time since last request: 0.000238 seconds.
  path: Assets/Palette/tiles_spritesheet_41.asset
  artifactKey: Guid(8765a3ed0e03d334798327496ab1b158) Importer(815301076,1909f56bfc062723c751e8b465ee728b)
Start importing Assets/Palette/tiles_spritesheet_41.asset using Guid(8765a3ed0e03d334798327496ab1b158) Importer(815301076,1909f56bfc062723c751e8b465ee728b)  -> (artifact id: 'a60028aa162f93012257332000ef329e') in 0.019570 seconds
  Import took 0.024180 seconds .

========================================================================
Received Import Request.
  Time since last request: 0.000215 seconds.
  path: Assets/Palette/tiles_spritesheet_13.asset
  artifactKey: Guid(24253e54a3b9c0641849ab5b7ca9c291) Importer(815301076,1909f56bfc062723c751e8b465ee728b)
Start importing Assets/Palette/tiles_spritesheet_13.asset using Guid(24253e54a3b9c0641849ab5b7ca9c291) Importer(815301076,1909f56bfc062723c751e8b465ee728b)  -> (artifact id: '186fb7563b78c7e27118a6eab56382b0') in 0.016456 seconds
  Import took 0.021017 seconds .

========================================================================
Received Import Request.
  Time since last request: 52.108510 seconds.
  path: Assets/Scripts/ScriptMenu.cs
  artifactKey: Guid(4760ee771e9746e41a79d9b20782992c) Importer(815301076,1909f56bfc062723c751e8b465ee728b)
Start importing Assets/Scripts/ScriptMenu.cs using Guid(4760ee771e9746e41a79d9b20782992c) Importer(815301076,1909f56bfc062723c751e8b465ee728b)  -> (artifact id: '8c7ec05f8aebf030a82a4e101ae19fbf') in 0.149350 seconds
  Import took 0.152929 seconds .

========================================================================
Received Prepare
Registering precompiled user dll's ...
Registered in 0.002505 seconds.
Begin MonoManager ReloadAssembly
Native extension for WindowsStandalone target not found
Refreshing native plugins compatible for Editor in 0.48 ms, found 1 plugins.
Preloading 0 native plugins for Editor in 0.00 ms.
Invoked RoslynAnalysisRunner static constructor.
RoslynAnalysisRunner will not be running.
RoslynAnalysisRunner has terminated.
Mono: successfully reloaded assembly
- Completed reload, in  1.274 seconds
Platform modules already initialized, skipping
Refreshing native plugins compatible for Editor in 0.46 ms, found 1 plugins.
Preloading 0 native plugins for Editor in 0.00 ms.
Unloading 1853 Unused Serialized files (Serialized files now loaded: 0)
System memory in use before: 90.8 MB.
System memory in use after: 90.2 MB.

Unloading 25 unused Assets to reduce memory usage. Loaded Objects now: 2332.
Total: 3.618000 ms (FindLiveObjects: 0.351600 ms CreateObjectMapping: 0.153700 ms MarkObjects: 2.470400 ms  DeleteObjects: 0.640500 ms)

========================================================================
Received Prepare
Registering precompiled user dll's ...
Registered in 0.000835 seconds.
Begin MonoManager ReloadAssembly
Native extension for WindowsStandalone target not found
Refreshing native plugins compatible for Editor in 0.49 ms, found 1 plugins.
Preloading 0 native plugins for Editor in 0.00 ms.
Invoked RoslynAnalysisRunner static constructor.
RoslynAnalysisRunner will not be running.
RoslynAnalysisRunner has terminated.
Mono: successfully reloaded assembly
- Completed reload, in  0.989 seconds
Platform modules already initialized, skipping
Refreshing native plugins compatible for Editor in 0.49 ms, found 1 plugins.
Preloading 0 native plugins for Editor in 0.00 ms.
Unloading 1853 Unused Serialized files (Serialized files now loaded: 0)
System memory in use before: 90.8 MB.
System memory in use after: 90.2 MB.

Unloading 25 unused Assets to reduce memory usage. Loaded Objects now: 2336.
Total: 4.266600 ms (FindLiveObjects: 0.724900 ms CreateObjectMapping: 0.234100 ms MarkObjects: 2.639100 ms  DeleteObjects: 0.666200 ms)

========================================================================
Received Import Request.
  Time since last request: 189.188145 seconds.
  path: Assets/Scripts/ScriptMenu.cs
  artifactKey: Guid(4760ee771e9746e41a79d9b20782992c) Importer(815301076,1909f56bfc062723c751e8b465ee728b)
Start importing Assets/Scripts/ScriptMenu.cs using Guid(4760ee771e9746e41a79d9b20782992c) Importer(815301076,1909f56bfc062723c751e8b465ee728b)  -> (artifact id: '9d06c6764fdcfaf5e4bb8e215cdd07f2') in 0.008999 seconds
  Import took 0.012308 seconds .

========================================================================
Received Import Request.
  Time since last request: 18.866949 seconds.
  path: Assets/SpriteSheets/fx/shadow_char.png
  artifactKey: Guid(1dff0061592cab44fa6dfb8a0e7bab33) Importer(815301076,1909f56bfc062723c751e8b465ee728b)
Start importing Assets/SpriteSheets/fx/shadow_char.png using Guid(1dff0061592cab44fa6dfb8a0e7bab33) Importer(815301076,1909f56bfc062723c751e8b465ee728b)  -> (artifact id: '62418bcf74d5f833cc2056055f1b0e7b') in 0.127696 seconds
  Import took 0.131106 seconds .

========================================================================
Received Import Request.
  Time since last request: 0.002962 seconds.
  path: Assets/SpriteSheets/fx/shadow_char.png
  artifactKey: Guid(1dff0061592cab44fa6dfb8a0e7bab33) Importer(815301076,1909f56bfc062723c751e8b465ee728b)
Start importing Assets/SpriteSheets/fx/shadow_char.png using Guid(1dff0061592cab44fa6dfb8a0e7bab33) Importer(815301076,1909f56bfc062723c751e8b465ee728b)  -> (artifact id: '62418bcf74d5f833cc2056055f1b0e7b') in 0.011046 seconds
  Import took 0.016414 seconds .

========================================================================
Received Prepare
Registering precompiled user dll's ...
Registered in 0.001306 seconds.
Begin MonoManager ReloadAssembly
Native extension for WindowsStandalone target not found
Refreshing native plugins compatible for Editor in 0.59 ms, found 1 plugins.
Preloading 0 native plugins for Editor in 0.00 ms.
Invoked RoslynAnalysisRunner static constructor.
RoslynAnalysisRunner will not be running.
RoslynAnalysisRunner has terminated.
Mono: successfully reloaded assembly
- Completed reload, in  1.140 seconds
Platform modules already initialized, skipping
Refreshing native plugins compatible for Editor in 0.40 ms, found 1 plugins.
Preloading 0 native plugins for Editor in 0.00 ms.
Unloading 1853 Unused Serialized files (Serialized files now loaded: 0)
System memory in use before: 90.8 MB.
System memory in use after: 90.2 MB.

Unloading 25 unused Assets to reduce memory usage. Loaded Objects now: 2343.
Total: 4.457300 ms (FindLiveObjects: 0.690400 ms CreateObjectMapping: 0.183700 ms MarkObjects: 3.066400 ms  DeleteObjects: 0.514200 ms)

========================================================================
Received Import Request.
  Time since last request: 55.302107 seconds.
  path: Assets/Scripts/ScriptMenu.cs
  artifactKey: Guid(4760ee771e9746e41a79d9b20782992c) Importer(815301076,1909f56bfc062723c751e8b465ee728b)
Start importing Assets/Scripts/ScriptMenu.cs using Guid(4760ee771e9746e41a79d9b20782992c) Importer(815301076,1909f56bfc062723c751e8b465ee728b)  -> (artifact id: '48c91bcfb4c45aa4f3a77750906d165c') in 0.005198 seconds
  Import took 0.009031 seconds .

========================================================================
Received Prepare
Registering precompiled user dll's ...
Registered in 0.000850 seconds.
Begin MonoManager ReloadAssembly
Native extension for WindowsStandalone target not found
Refreshing native plugins compatible for Editor in 0.41 ms, found 1 plugins.
Preloading 0 native plugins for Editor in 0.00 ms.
Invoked RoslynAnalysisRunner static constructor.
RoslynAnalysisRunner will not be running.
RoslynAnalysisRunner has terminated.
Mono: successfully reloaded assembly
- Completed reload, in  1.125 seconds
Platform modules already initialized, skipping
Refreshing native plugins compatible for Editor in 0.43 ms, found 1 plugins.
Preloading 0 native plugins for Editor in 0.00 ms.
Unloading 1853 Unused Serialized files (Serialized files now loaded: 0)
System memory in use before: 90.8 MB.
System memory in use after: 90.2 MB.

Unloading 25 unused Assets to reduce memory usage. Loaded Objects now: 2347.
Total: 2.884500 ms (FindLiveObjects: 0.220000 ms CreateObjectMapping: 0.104200 ms MarkObjects: 2.116800 ms  DeleteObjects: 0.442200 ms)

========================================================================
Received Prepare
Registering precompiled user dll's ...
Registered in 0.001010 seconds.
Begin MonoManager ReloadAssembly
Native extension for WindowsStandalone target not found
Refreshing native plugins compatible for Editor in 0.45 ms, found 1 plugins.
Preloading 0 native plugins for Editor in 0.00 ms.
Invoked RoslynAnalysisRunner static constructor.
RoslynAnalysisRunner will not be running.
RoslynAnalysisRunner has terminated.
Mono: successfully reloaded assembly
- Completed reload, in  1.319 seconds
Platform modules already initialized, skipping
Refreshing native plugins compatible for Editor in 0.62 ms, found 1 plugins.
Preloading 0 native plugins for Editor in 0.00 ms.
Unloading 1853 Unused Serialized files (Serialized files now loaded: 0)
System memory in use before: 90.8 MB.
System memory in use after: 90.2 MB.

Unloading 25 unused Assets to reduce memory usage. Loaded Objects now: 2351.
Total: 5.266400 ms (FindLiveObjects: 0.423400 ms CreateObjectMapping: 0.206500 ms MarkObjects: 3.877000 ms  DeleteObjects: 0.757500 ms)

========================================================================
Received Prepare
Registering precompiled user dll's ...
Registered in 0.000827 seconds.
Begin MonoManager ReloadAssembly
Native extension for WindowsStandalone target not found
Refreshing native plugins compatible for Editor in 0.70 ms, found 1 plugins.
Preloading 0 native plugins for Editor in 0.00 ms.
Invoked RoslynAnalysisRunner static constructor.
RoslynAnalysisRunner will not be running.
RoslynAnalysisRunner has terminated.
Mono: successfully reloaded assembly
- Completed reload, in  1.171 seconds
Platform modules already initialized, skipping
Refreshing native plugins compatible for Editor in 0.40 ms, found 1 plugins.
Preloading 0 native plugins for Editor in 0.00 ms.
Unloading 1853 Unused Serialized files (Serialized files now loaded: 0)
System memory in use before: 90.8 MB.
System memory in use after: 90.2 MB.

Unloading 25 unused Assets to reduce memory usage. Loaded Objects now: 2355.
Total: 2.652900 ms (FindLiveObjects: 0.209600 ms CreateObjectMapping: 0.092000 ms MarkObjects: 1.899000 ms  DeleteObjects: 0.451200 ms)

========================================================================
Received Import Request.
  Time since last request: 224.508690 seconds.
  path: Assets/Scenes/SampleScene.unity
  artifactKey: Guid(2cda990e2423bbf4892e6590ba056729) Importer(815301076,1909f56bfc062723c751e8b465ee728b)
Start importing Assets/Scenes/SampleScene.unity using Guid(2cda990e2423bbf4892e6590ba056729) Importer(815301076,1909f56bfc062723c751e8b465ee728b)  -> (artifact id: '3ecf6166caebe4c2a29feeadc70e2732') in 0.016457 seconds
  Import took 0.020848 seconds .

========================================================================
Received Import Request.
  Time since last request: 20.494722 seconds.
  path: Assets/Scenes/Menu.unity
  artifactKey: Guid(dcd9c63218003974fa9650bef7f48b10) Importer(815301076,1909f56bfc062723c751e8b465ee728b)
Start importing Assets/Scenes/Menu.unity using Guid(dcd9c63218003974fa9650bef7f48b10) Importer(815301076,1909f56bfc062723c751e8b465ee728b)  -> (artifact id: '2f3a083a816a1d8eb7e1dcf569d7548a') in 0.007588 seconds
  Import took 0.011301 seconds .

========================================================================
Received Import Request.
  Time since last request: 34.200732 seconds.
  path: Assets/Color1.asset
  artifactKey: Guid(0d217bb273e075d4285f856b67ab04d0) Importer(815301076,1909f56bfc062723c751e8b465ee728b)
Start importing Assets/Color1.asset using Guid(0d217bb273e075d4285f856b67ab04d0) Importer(815301076,1909f56bfc062723c751e8b465ee728b)  -> (artifact id: '88d33827f8019555eff21683b18802bc') in 0.013865 seconds
  Import took 0.017428 seconds .

========================================================================
Received Import Request.
  Time since last request: 0.002371 seconds.
  path: Assets/Color1.asset
  artifactKey: Guid(0d217bb273e075d4285f856b67ab04d0) Importer(815301076,1909f56bfc062723c751e8b465ee728b)
Start importing Assets/Color1.asset using Guid(0d217bb273e075d4285f856b67ab04d0) Importer(815301076,1909f56bfc062723c751e8b465ee728b)  -> (artifact id: '88d33827f8019555eff21683b18802bc') in 0.003576 seconds
  Import took 0.008145 seconds .

========================================================================
Received Import Request.
  Time since last request: 23.450335 seconds.
  path: Assets/SpriteSheets/background/Fondo.prefab
  artifactKey: Guid(bbceac1739920b3428b188239902c381) Importer(815301076,1909f56bfc062723c751e8b465ee728b)
Start importing Assets/SpriteSheets/background/Fondo.prefab using Guid(bbceac1739920b3428b188239902c381) Importer(815301076,1909f56bfc062723c751e8b465ee728b)  -> (artifact id: '22d400dd604de12af843752ea0df50f0') in 0.100485 seconds
  Import took 0.105912 seconds .

========================================================================
Received Import Request.
  Time since last request: 71.030252 seconds.
  path: Assets/SpriteSheets/player/weapon_bullet.png
  artifactKey: Guid(337e40075d9392e4fb1c46374f1c4f23) Importer(815301076,1909f56bfc062723c751e8b465ee728b)
Start importing Assets/SpriteSheets/player/weapon_bullet.png using Guid(337e40075d9392e4fb1c46374f1c4f23) Importer(815301076,1909f56bfc062723c751e8b465ee728b)  -> (artifact id: '1967cbe30e976b34d521beac2ec088cb') in 0.067350 seconds
  Import took 0.071887 seconds .

========================================================================
Received Import Request.
  Time since last request: 3.017744 seconds.
  path: Assets/SpriteSheets/props/ammo.png
  artifactKey: Guid(6e53768109d0dff44a014ae0abff7e50) Importer(815301076,1909f56bfc062723c751e8b465ee728b)
Start importing Assets/SpriteSheets/props/ammo.png using Guid(6e53768109d0dff44a014ae0abff7e50) Importer(815301076,1909f56bfc062723c751e8b465ee728b)  -> (artifact id: '5b3ab8e53d92d59d0ba96482861624fb') in 0.072181 seconds
  Import took 0.077661 seconds .

========================================================================
Received Import Request.
  Time since last request: 0.000286 seconds.
  path: Assets/SpriteSheets/props/bigcrate.png
  artifactKey: Guid(8a337c4f93c2f9649801d9cb04599af6) Importer(815301076,1909f56bfc062723c751e8b465ee728b)
Start importing Assets/SpriteSheets/props/bigcrate.png using Guid(8a337c4f93c2f9649801d9cb04599af6) Importer(815301076,1909f56bfc062723c751e8b465ee728b)  -> (artifact id: '33d6d5a9153300b9121d587e3c558905') in 0.032549 seconds
  Import took 0.036025 seconds .

========================================================================
Received Import Request.
  Time since last request: 0.000358 seconds.
  path: Assets/SpriteSheets/boss/Boss_Fire360_spritesheet.png
  artifactKey: Guid(804488617f76f5649ac24df653bca81a) Importer(815301076,1909f56bfc062723c751e8b465ee728b)
Start importing Assets/SpriteSheets/boss/Boss_Fire360_spritesheet.png using Guid(804488617f76f5649ac24df653bca81a) Importer(815301076,1909f56bfc062723c751e8b465ee728b)  -> (artifact id: '65ca0a7f95484028631ece56c27c8e47') in 0.033213 seconds
  Import took 0.037496 seconds .

========================================================================
Received Import Request.
  Time since last request: 0.000360 seconds.
  path: Assets/SpriteSheets/boss/Boss_Fire.png
  artifactKey: Guid(eebda3ee2479601439a04fef2b0a98ce) Importer(815301076,1909f56bfc062723c751e8b465ee728b)
Start importing Assets/SpriteSheets/boss/Boss_Fire.png using Guid(eebda3ee2479601439a04fef2b0a98ce) Importer(815301076,1909f56bfc062723c751e8b465ee728b)  -> (artifact id: 'da247d364c54968e51129fccd8668b20') in 0.032093 seconds
  Import took 0.036076 seconds .

========================================================================
Received Import Request.
  Time since last request: 0.000410 seconds.
  path: Assets/SpriteSheets/boss/Boss_Fire_Expl.png
  artifactKey: Guid(248564451f0faa04f8119704d4471b2a) Importer(815301076,1909f56bfc062723c751e8b465ee728b)
Start importing Assets/SpriteSheets/boss/Boss_Fire_Expl.png using Guid(248564451f0faa04f8119704d4471b2a) Importer(815301076,1909f56bfc062723c751e8b465ee728b)  -> (artifact id: '71b41cc9fe7bfcebdd3c979645825754') in 0.035613 seconds
  Import took 0.040011 seconds .

========================================================================
Received Import Request.
  Time since last request: 0.000305 seconds.
  path: Assets/SpriteSheets/props/barrel.png
  artifactKey: Guid(8d636b9f95c73a64ab1d70491fc8e768) Importer(815301076,1909f56bfc062723c751e8b465ee728b)
Start importing Assets/SpriteSheets/props/barrel.png using Guid(8d636b9f95c73a64ab1d70491fc8e768) Importer(815301076,1909f56bfc062723c751e8b465ee728b)  -> (artifact id: '2aedff3ad2c199fe6b9e9481fbde951c') in 0.029090 seconds
  Import took 0.033214 seconds .

========================================================================
Received Import Request.
  Time since last request: 1.969289 seconds.
  path: Assets/SpriteSheets/boss/Boss_laser.png
  artifactKey: Guid(c0f678cde0010da4e86897621a12f91e) Importer(815301076,1909f56bfc062723c751e8b465ee728b)
Start importing Assets/SpriteSheets/boss/Boss_laser.png using Guid(c0f678cde0010da4e86897621a12f91e) Importer(815301076,1909f56bfc062723c751e8b465ee728b)  -> (artifact id: '8fd237fabe4b15a476e63f3c23cf1f0c') in 0.026058 seconds
  Import took 0.030400 seconds .

========================================================================
Received Import Request.
  Time since last request: 0.000315 seconds.
  path: Assets/SpriteSheets/boss/BossBody-static.png
  artifactKey: Guid(1ac489bcb99e361409e39048424b0184) Importer(815301076,1909f56bfc062723c751e8b465ee728b)
Start importing Assets/SpriteSheets/boss/BossBody-static.png using Guid(1ac489bcb99e361409e39048424b0184) Importer(815301076,1909f56bfc062723c751e8b465ee728b)  -> (artifact id: 'b50af07e14bff2d98b3b13baf5fb78b6') in 0.054685 seconds
  Import took 0.058577 seconds .

========================================================================
Received Import Request.
  Time since last request: 0.214479 seconds.
  path: Assets/SpriteSheets/boss/BossBodyIdle.png
  artifactKey: Guid(fec6aee23fe10024ebf86775b21772ff) Importer(815301076,1909f56bfc062723c751e8b465ee728b)
Start importing Assets/SpriteSheets/boss/BossBodyIdle.png using Guid(fec6aee23fe10024ebf86775b21772ff) Importer(815301076,1909f56bfc062723c751e8b465ee728b)  -> (artifact id: '441f696dc0ee183bd4eb0368d7501b81') in 0.059535 seconds
  Import took 0.064407 seconds .

========================================================================
Received Import Request.
  Time since last request: 0.000441 seconds.
  path: Assets/SpriteSheets/boss/BossHead-static.png
  artifactKey: Guid(3e750ffdc44cc88469121e326f71373c) Importer(815301076,1909f56bfc062723c751e8b465ee728b)
Start importing Assets/SpriteSheets/boss/BossHead-static.png using Guid(3e750ffdc44cc88469121e326f71373c) Importer(815301076,1909f56bfc062723c751e8b465ee728b)  -> (artifact id: '8d9bab7bebeb3544049e7d2cc8e28b26') in 0.028158 seconds
  Import took 0.034542 seconds .

========================================================================
Received Import Request.
  Time since last request: 0.317776 seconds.
  path: Assets/SpriteSheets/boss/BossHeadIdle.png
  artifactKey: Guid(91a58c1ed741e604fa0b5951ad8791ea) Importer(815301076,1909f56bfc062723c751e8b465ee728b)
Start importing Assets/SpriteSheets/boss/BossHeadIdle.png using Guid(91a58c1ed741e604fa0b5951ad8791ea) Importer(815301076,1909f56bfc062723c751e8b465ee728b)  -> (artifact id: '6ef3089bb6d732a922e7c184008bf105') in 0.108594 seconds
  Import took 0.112608 seconds .

========================================================================
Received Import Request.
  Time since last request: 0.000296 seconds.
  path: Assets/SpriteSheets/boss/BossScreen_Anim_intro.png
  artifactKey: Guid(02b659a823e9ed64799c24bdd960f78d) Importer(815301076,1909f56bfc062723c751e8b465ee728b)
Start importing Assets/SpriteSheets/boss/BossScreen_Anim_intro.png using Guid(02b659a823e9ed64799c24bdd960f78d) Importer(815301076,1909f56bfc062723c751e8b465ee728b)  -> (artifact id: 'f34ab746539e38519f312fe8efd3b34e') in 0.068122 seconds
  Import took 0.073080 seconds .

========================================================================
Received Import Request.
  Time since last request: 0.000353 seconds.
  path: Assets/SpriteSheets/boss/BossScreen_Anim_openmouth_fire.png
  artifactKey: Guid(724c90fc45232a94182947a9c6c0a56c) Importer(815301076,1909f56bfc062723c751e8b465ee728b)
Start importing Assets/SpriteSheets/boss/BossScreen_Anim_openmouth_fire.png using Guid(724c90fc45232a94182947a9c6c0a56c) Importer(815301076,1909f56bfc062723c751e8b465ee728b)  -> (artifact id: 'd06c63a74b70b9d4301fc0c9640252d5') in 0.028915 seconds
  Import took 0.033262 seconds .

========================================================================
Received Import Request.
  Time since last request: 0.000356 seconds.
  path: Assets/SpriteSheets/boss/BossScreen_rockBG.png
  artifactKey: Guid(b2055cb16109174419eff4ce59f02335) Importer(815301076,1909f56bfc062723c751e8b465ee728b)
Start importing Assets/SpriteSheets/boss/BossScreen_rockBG.png using Guid(b2055cb16109174419eff4ce59f02335) Importer(815301076,1909f56bfc062723c751e8b465ee728b)  -> (artifact id: '1f6cc9d64b9d89eb7f3fdcecd14fd3e0') in 0.053802 seconds
  Import took 0.058471 seconds .

========================================================================
Received Import Request.
  Time since last request: 5.965161 seconds.
  path: Assets/SpriteSheets/ui/fnt_wonder32_custom.png
  artifactKey: Guid(b415e7f0574258f4283c981964b9affa) Importer(815301076,1909f56bfc062723c751e8b465ee728b)
Start importing Assets/SpriteSheets/ui/fnt_wonder32_custom.png using Guid(b415e7f0574258f4283c981964b9affa) Importer(815301076,1909f56bfc062723c751e8b465ee728b)  -> (artifact id: 'c9958b758301cdd4131a96a786e7517a') in 0.076106 seconds
  Import took 0.080554 seconds .

========================================================================
Received Import Request.
  Time since last request: 0.000360 seconds.
  path: Assets/SpriteSheets/enemy/grunt_crouch_shoot_front.png
  artifactKey: Guid(0a083bcf1ad276342a980cd664d24d0b) Importer(815301076,1909f56bfc062723c751e8b465ee728b)
Start importing Assets/SpriteSheets/enemy/grunt_crouch_shoot_front.png using Guid(0a083bcf1ad276342a980cd664d24d0b) Importer(815301076,1909f56bfc062723c751e8b465ee728b)  -> (artifact id: '76dbaffd024d27f3065247c5bd7fed83') in 0.036603 seconds
  Import took 0.042282 seconds .

========================================================================
Received Import Request.
  Time since last request: 0.000259 seconds.
  path: Assets/SpriteSheets/ui/fnt_wonder32_customm.png
  artifactKey: Guid(2c48fc136c7b8034bad84cb826a3dac4) Importer(815301076,1909f56bfc062723c751e8b465ee728b)
Start importing Assets/SpriteSheets/ui/fnt_wonder32_customm.png using Guid(2c48fc136c7b8034bad84cb826a3dac4) Importer(815301076,1909f56bfc062723c751e8b465ee728b)  -> (artifact id: '0151f549cbb7286743b1daa4e53ef948') in 0.043668 seconds
  Import took 0.050809 seconds .

========================================================================
Received Prepare
Registering precompiled user dll's ...
Registered in 0.000855 seconds.
Begin MonoManager ReloadAssembly
Native extension for WindowsStandalone target not found
Refreshing native plugins compatible for Editor in 0.43 ms, found 1 plugins.
Preloading 0 native plugins for Editor in 0.00 ms.
Invoked RoslynAnalysisRunner static constructor.
RoslynAnalysisRunner will not be running.
RoslynAnalysisRunner has terminated.
Mono: successfully reloaded assembly
- Completed reload, in  1.147 seconds
Platform modules already initialized, skipping
Refreshing native plugins compatible for Editor in 0.52 ms, found 1 plugins.
Preloading 0 native plugins for Editor in 0.00 ms.
Unloading 1853 Unused Serialized files (Serialized files now loaded: 0)
System memory in use before: 91.0 MB.
System memory in use after: 90.3 MB.

Unloading 25 unused Assets to reduce memory usage. Loaded Objects now: 2394.
Total: 3.448800 ms (FindLiveObjects: 0.425700 ms CreateObjectMapping: 0.248600 ms MarkObjects: 2.177300 ms  DeleteObjects: 0.594900 ms)

========================================================================
Received Import Request.
  Time since last request: 92.054810 seconds.
  path: Assets/Scripts/MovimientoRambo.cs
  artifactKey: Guid(2e37576a98563da48aaf60928ae5a75b) Importer(815301076,1909f56bfc062723c751e8b465ee728b)
Start importing Assets/Scripts/MovimientoRambo.cs using Guid(2e37576a98563da48aaf60928ae5a75b) Importer(815301076,1909f56bfc062723c751e8b465ee728b)  -> (artifact id: '880a3a75600ff7ec2faf845223a69c5c') in 0.013069 seconds
  Import took 0.017157 seconds .

========================================================================
Received Prepare
Registering precompiled user dll's ...
Registered in 0.001576 seconds.
Begin MonoManager ReloadAssembly
Native extension for WindowsStandalone target not found
Refreshing native plugins compatible for Editor in 0.65 ms, found 1 plugins.
Preloading 0 native plugins for Editor in 0.00 ms.
Invoked RoslynAnalysisRunner static constructor.
RoslynAnalysisRunner will not be running.
RoslynAnalysisRunner has terminated.
Mono: successfully reloaded assembly
- Completed reload, in  1.665 seconds
Platform modules already initialized, skipping
Refreshing native plugins compatible for Editor in 0.88 ms, found 1 plugins.
Preloading 0 native plugins for Editor in 0.00 ms.
Unloading 1853 Unused Serialized files (Serialized files now loaded: 0)
System memory in use before: 91.0 MB.
System memory in use after: 90.4 MB.

Unloading 25 unused Assets to reduce memory usage. Loaded Objects now: 2398.
Total: 4.651700 ms (FindLiveObjects: 0.397200 ms CreateObjectMapping: 0.119200 ms MarkObjects: 3.378600 ms  DeleteObjects: 0.754300 ms)

AssetImportWorkerClient::OnTransportError - code=2 error=End of file
